<?xml version="1.0" encoding="utf-8"?><testsuite errors="0" failures="2" name="pytest" skips="0" tests="5" time="0.445"><testcase classname="pytests.test_index" file="pytests/test_index.py" line="10" name="test_sentence" time="0.0026345252990722656"><failure message="AssertionError: Remember we want to *captilize* this string in order to lower case all but the first character in this string
assert &apos;woW WE LOVE ... and strINGS!&apos; == &apos;Wow we love c... and strings!&apos;
  - woW WE LOVE cOdInG and strINGS!
  + Wow we love coding and strings!">def test_sentence():
        assert sentence is not None, &quot;The sentence variable must be assigned to a value!&quot;
        assert type(sentence) == type(&quot;&quot;), &quot;The sentence must be a string!&quot;
&gt;       assert sentence == &apos;Wow we love coding and strings!&apos;, &quot;Remember we want to *captilize* this string in order to lower case all but the first character in this string&quot;
E       AssertionError: Remember we want to *captilize* this string in order to lower case all but the first character in this string
E       assert &apos;woW WE LOVE ... and strINGS!&apos; == &apos;Wow we love c... and strings!&apos;
E         - woW WE LOVE cOdInG and strINGS!
E         + Wow we love coding and strings!

pytests/test_index.py:14: AssertionError</failure></testcase><testcase classname="pytests.test_index" file="pytests/test_index.py" line="15" name="test_flatiron_mantra" time="0.001346588134765625"><failure message="AssertionError: 
assert &apos;learn. love. code.&apos; == &apos;Learn. Love. Code.&apos;
  - learn. love. code.
  ? ^      ^     ^
  + Learn. Love. Code.
  ? ^      ^     ^">def test_flatiron_mantra():
        assert flatiron_mantra is not None, &quot;The flatiron_mantra variable must be assigned to a value!&quot;
        assert type(flatiron_mantra) == type(&quot;&quot;), &quot;The flatiron_mantra must be a string!&quot;
&gt;       assert flatiron_mantra == &quot;Learn. Love. Code.&quot;, &quot;&quot;
E       AssertionError: 
E       assert &apos;learn. love. code.&apos; == &apos;Learn. Love. Code.&apos;
E         - learn. love. code.
E         ? ^      ^     ^
E         + Learn. Love. Code.
E         ? ^      ^     ^

pytests/test_index.py:19: AssertionError</failure></testcase><testcase classname="pytests.test_index" file="pytests/test_index.py" line="20" name="test_num_to_string" time="0.0006203651428222656"></testcase><testcase classname="pytests.test_index" file="pytests/test_index.py" line="25" name="test_full_address" time="0.0006208419799804688"></testcase><testcase classname="pytests.test_index" file="pytests/test_index.py" line="31" name="test_conda_environment_activated" time="0.0012946128845214844"></testcase></testsuite>